#options: 1280x720 fps=2997/100 timebase=100/2997 bitdepth=8 cabac=1 ref=1 deblock=1:0:0 analyse=0x1:0 me=dia subme=2 psy=1 psy_rd=1.00:0.00 mixed_ref=0 me_range=16 chroma_me=1 trellis=0 8x8dct=0 cqm=0 deadzone=21,11 fast_pskip=1 chroma_qp_offset=0 threads=12 lookahead_threads=5 sliced_threads=0 nr=0 decimate=1 interlaced=0 bluray_compat=0 constrained_intra=0 bframes=8 b_pyramid=2 b_adapt=2 b_bias=0 direct=3 weightb=1 open_gop=0 weightp=2 keyint=250 keyint_min=25 scenecut=40 intra_refresh=0 rc_lookahead=60 rc=crf mbtree=1 crf=22.0 qcomp=0.60 qpmin=0 qpmax=69 qpstep=4 ip_ratio=1.40 aq=1:1.00
in:0 out:0 type:I dur:2 cpbdur:2 q:28.03 aq:23.83 tex:578696 mv:149185 misc:191 imb:3600 pmb:0 smb:0 d:- ref:;
in:4 out:1 type:P dur:2 cpbdur:2 q:28.03 aq:23.77 tex:251925 mv:24321 misc:1202 imb:368 pmb:3020 smb:212 d:- ref:0 ;
in:2 out:2 type:B dur:2 cpbdur:2 q:28.03 aq:27.45 tex:34281 mv:30105 misc:1782 imb:48 pmb:2939 smb:613 d:s ref:0 ;
in:1 out:3 type:b dur:2 cpbdur:2 q:28.03 aq:28.82 tex:10126 mv:23080 misc:2114 imb:26 pmb:2828 smb:746 d:s ref:0 ;
in:3 out:4 type:b dur:2 cpbdur:2 q:28.03 aq:29.72 tex:13068 mv:9082 misc:3018 imb:9 pmb:1090 smb:2501 d:- ref:0 ;
in:7 out:5 type:P dur:2 cpbdur:2 q:28.03 aq:23.71 tex:232162 mv:22639 misc:1239 imb:279 pmb:3056 smb:265 d:- ref:0 ;
in:5 out:6 type:B dur:2 cpbdur:2 q:28.03 aq:28.83 tex:26547 mv:22709 misc:3064 imb:28 pmb:2323 smb:1249 d:s ref:0 ;
in:6 out:7 type:b dur:2 cpbdur:2 q:28.03 aq:29.66 tex:12367 mv:8871 misc:2834 imb:15 pmb:973 smb:2612 d:- ref:0 ;
in:10 out:8 type:P dur:2 cpbdur:2 q:28.03 aq:23.71 tex:314957 mv:24348 misc:807 imb:269 pmb:3145 smb:186 d:- ref:0 ;
in:8 out:9 type:B dur:2 cpbdur:2 q:28.03 aq:28.57 tex:21149 mv:27539 misc:1600 imb:27 pmb:2987 smb:586 d:s ref:0 ;
in:9 out:10 type:b dur:2 cpbdur:2 q:28.03 aq:29.70 tex:14022 mv:9533 misc:2597 imb:16 pmb:872 smb:2712 d:- ref:0 ;
in:13 out:11 type:P dur:2 cpbdur:2 q:28.03 aq:23.68 tex:301945 mv:21907 misc:940 imb:269 pmb:3149 smb:182 d:- ref:0 ;
in:11 out:12 type:B dur:2 cpbdur:2 q:28.03 aq:28.94 tex:22252 mv:27070 misc:2094 imb:32 pmb:2782 smb:786 d:s ref:0 ;
in:12 out:13 type:b dur:2 cpbdur:2 q:28.03 aq:29.64 tex:17726 mv:9365 misc:2573 imb:24 pmb:863 smb:2713 d:- ref:0 ;
in:17 out:14 type:P dur:2 cpbdur:2 q:28.03 aq:23.84 tex:409053 mv:24079 misc:804 imb:287 pmb:3149 smb:164 d:s ref:0 ;
in:15 out:15 type:B dur:2 cpbdur:2 q:28.03 aq:28.17 tex:41465 mv:18452 misc:3427 imb:29 pmb:1784 smb:1787 d:s ref:0 ;
in:14 out:16 type:b dur:2 cpbdur:2 q:28.03 aq:30.06 tex:16323 mv:9471 misc:2614 imb:4 pmb:897 smb:2699 d:s ref:0 ;
in:16 out:17 type:b dur:2 cpbdur:2 q:28.03 aq:30.07 tex:14080 mv:8851 misc:2445 imb:9 pmb:839 smb:2752 d:- ref:0 ;
in:22 out:18 type:P dur:2 cpbdur:2 q:28.03 aq:23.99 tex:467499 mv:23908 misc:761 imb:338 pmb:3116 smb:146 d:s ref:0 ;
in:19 out:19 type:B dur:2 cpbdur:2 q:28.03 aq:27.76 tex:60136 mv:16686 misc:3242 imb:37 pmb:1784 smb:1779 d:s ref:0 ;
in:18 out:20 type:b dur:2 cpbdur:2 q:28.03 aq:30.22 tex:15096 mv:9083 misc:2597 imb:15 pmb:891 smb:2694 d:s ref:0 ;
in:20 out:21 type:b dur:2 cpbdur:2 q:28.03 aq:30.32 tex:39779 mv:14433 misc:3324 imb:10 pmb:1797 smb:1793 d:- ref:0 ;
in:21 out:22 type:b dur:2 cpbdur:2 q:28.03 aq:30.40 tex:39393 mv:13767 misc:3272 imb:15 pmb:1691 smb:1894 d:- ref:0 ;
in:28 out:23 type:P dur:2 cpbdur:2 q:28.03 aq:24.46 tex:617932 mv:25489 misc:507 imb:426 pmb:3140 smb:34 d:s ref:0 ;
in:25 out:24 type:B dur:2 cpbdur:2 q:28.03 aq:27.12 tex:183427 mv:23638 misc:2159 imb:81 pmb:2874 smb:645 d:s ref:0 ;
in:23 out:25 type:b dur:2 cpbdur:2 q:28.03 aq:30.49 tex:30197 mv:14355 misc:3424 imb:12 pmb:1686 smb:1902 d:s ref:0 ;
in:24 out:26 type:b dur:2 cpbdur:2 q:28.03 aq:30.52 tex:36768 mv:12995 misc:3421 imb:14 pmb:1778 smb:1808 d:s ref:0 ;
in:26 out:27 type:b dur:2 cpbdur:2 q:28.03 aq:30.88 tex:44137 mv:15382 misc:3305 imb:24 pmb:1880 smb:1696 d:- ref:0 ;
in:27 out:28 type:b dur:2 cpbdur:2 q:28.03 aq:30.41 tex:41826 mv:13565 misc:3409 imb:29 pmb:1832 smb:1739 d:- ref:0 ;
in:34 out:29 type:P dur:2 cpbdur:2 q:28.03 aq:25.02 tex:787007 mv:26185 misc:552 imb:392 pmb:3163 smb:45 d:s ref:0 ;
in:31 out:30 type:B dur:2 cpbdur:2 q:28.03 aq:27.77 tex:184794 mv:23235 misc:2299 imb:52 pmb:2853 smb:695 d:s ref:0 ;
in:29 out:31 type:b dur:2 cpbdur:2 q:28.03 aq:30.86 tex:53512 mv:16033 misc:3183 imb:26 pmb:1895 smb:1679 d:s ref:0 ;
in:30 out:32 type:b dur:2 cpbdur:2 q:28.03 aq:30.77 tex:195281 mv:17664 misc:2095 imb:12 pmb:2888 smb:700 d:s ref:0 ;
in:32 out:33 type:b dur:2 cpbdur:2 q:28.03 aq:30.96 tex:153333 mv:18007 misc:2428 imb:12 pmb:2636 smb:952 d:- ref:0 ;
in:33 out:34 type:b dur:2 cpbdur:2 q:28.03 aq:30.56 tex:71286 mv:14718 misc:3220 imb:17 pmb:2140 smb:1443 d:- ref:0 ;
in:40 out:35 type:P dur:2 cpbdur:2 q:28.03 aq:25.43 tex:1015957 mv:26693 misc:446 imb:491 pmb:3097 smb:12 d:s ref:0 ;
in:37 out:36 type:B dur:2 cpbdur:2 q:28.03 aq:27.81 tex:275298 mv:28665 misc:1829 imb:91 pmb:3069 smb:440 d:s ref:0 ;
in:35 out:37 type:b dur:2 cpbdur:2 q:28.03 aq:30.99 tex:100949 mv:15854 misc:3045 imb:22 pmb:2234 smb:1344 d:s ref:0 ;
in:36 out:38 type:b dur:2 cpbdur:2 q:28.03 aq:30.99 tex:143112 mv:20072 misc:2728 imb:23 pmb:2540 smb:1037 d:s ref:0 ;
in:38 out:39 type:b dur:2 cpbdur:2 q:28.03 aq:31.11 tex:179814 mv:15059 misc:2703 imb:30 pmb:2519 smb:1051 d:- ref:0 ;
in:39 out:40 type:b dur:2 cpbdur:2 q:28.03 aq:30.79 tex:112954 mv:16789 misc:3065 imb:36 pmb:2335 smb:1229 d:- ref:0 ;
in:42 out:41 type:P dur:2 cpbdur:2 q:28.03 aq:25.51 tex:539791 mv:15730 misc:943 imb:152 pmb:3224 smb:224 d:s ref:0 ;
in:41 out:42 type:b dur:2 cpbdur:2 q:28.03 aq:31.63 tex:65542 mv:13008 misc:3250 imb:15 pmb:1661 smb:1924 d:s ref:0 ;
in:45 out:43 type:P dur:2 cpbdur:2 q:28.03 aq:24.99 tex:718920 mv:20277 misc:739 imb:282 pmb:3197 smb:121 d:s ref:0 ;
in:43 out:44 type:B dur:2 cpbdur:2 q:28.03 aq:29.87 tex:151339 mv:16876 misc:2793 imb:29 pmb:2385 smb:1186 d:s ref:0 ;
in:44 out:45 type:b dur:2 cpbdur:2 q:28.03 aq:31.23 tex:124819 mv:14673 misc:2836 imb:35 pmb:2103 smb:1462 d:- ref:0 ;
in:49 out:46 type:P dur:2 cpbdur:2 q:28.03 aq:25.42 tex:635776 mv:20403 misc:861 imb:313 pmb:3125 smb:162 d:s ref:0 ;
in:47 out:47 type:B dur:2 cpbdur:2 q:28.03 aq:28.67 tex:177059 mv:19302 misc:2775 imb:43 pmb:2587 smb:970 d:s ref:0 ;
in:46 out:48 type:b dur:2 cpbdur:2 q:28.03 aq:31.17 tex:42462 mv:12110 misc:3164 imb:14 pmb:1272 smb:2314 d:s ref:0 ;
in:48 out:49 type:b dur:2 cpbdur:2 q:28.03 aq:31.12 tex:64021 mv:12703 misc:3316 imb:16 pmb:1634 smb:1950 d:- ref:0 ;
in:53 out:50 type:P dur:2 cpbdur:2 q:28.03 aq:25.75 tex:792855 mv:21308 misc:685 imb:414 pmb:3117 smb:69 d:s ref:0 w:0,1,-1 ;
in:51 out:51 type:B dur:2 cpbdur:2 q:28.03 aq:29.40 tex:128034 mv:18301 misc:3033 imb:63 pmb:2063 smb:1474 d:s ref:0 ;
in:50 out:52 type:b dur:2 cpbdur:2 q:28.03 aq:31.29 tex:64192 mv:13288 misc:3032 imb:36 pmb:1447 smb:2117 d:s ref:0 ;
in:52 out:53 type:b dur:2 cpbdur:2 q:28.03 aq:31.31 tex:91641 mv:16590 misc:3353 imb:29 pmb:1849 smb:1722 d:- ref:0 ;
in:56 out:54 type:P dur:2 cpbdur:2 q:28.03 aq:25.81 tex:861759 mv:21818 misc:615 imb:452 pmb:3058 smb:90 d:s ref:0 ;
in:54 out:55 type:B dur:2 cpbdur:2 q:28.03 aq:30.32 tex:154996 mv:19292 misc:2872 imb:63 pmb:2065 smb:1472 d:s ref:0 ;
in:55 out:56 type:b dur:2 cpbdur:2 q:28.03 aq:30.97 tex:124516 mv:17420 misc:2840 imb:40 pmb:1911 smb:1649 d:- ref:0 ;
in:60 out:57 type:P dur:2 cpbdur:2 q:28.03 aq:25.59 tex:1185038 mv:23396 misc:574 imb:604 pmb:2937 smb:59 d:s ref:0 w:6,63,0,5,31,4,32,0 ;
in:58 out:58 type:B dur:2 cpbdur:2 q:28.03 aq:29.31 tex:301490 mv:24234 misc:2316 imb:135 pmb:2717 smb:748 d:s ref:0 ;
in:57 out:59 type:b dur:2 cpbdur:2 q:28.03 aq:31.02 tex:110898 mv:16325 misc:3169 imb:45 pmb:1769 smb:1786 d:s ref:0 ;
in:59 out:60 type:b dur:2 cpbdur:2 q:28.03 aq:31.05 tex:141102 mv:16114 misc:3112 imb:45 pmb:1957 smb:1598 d:- ref:0 ;
in:64 out:61 type:P dur:2 cpbdur:2 q:28.03 aq:25.43 tex:997326 mv:22216 misc:594 imb:632 pmb:2920 smb:48 d:s ref:0 ;
in:62 out:62 type:B dur:2 cpbdur:2 q:28.03 aq:29.22 tex:274887 mv:24961 misc:2344 imb:120 pmb:2748 smb:732 d:s ref:0 ;
in:61 out:63 type:b dur:2 cpbdur:2 q:28.03 aq:31.03 tex:118306 mv:16929 misc:3181 imb:43 pmb:1891 smb:1666 d:s ref:0 ;
in:63 out:64 type:b dur:2 cpbdur:2 q:28.03 aq:31.32 tex:115071 mv:15233 misc:3096 imb:45 pmb:1704 smb:1851 d:- ref:0 ;
in:68 out:65 type:P dur:2 cpbdur:2 q:28.03 aq:25.47 tex:961476 mv:21021 misc:751 imb:635 pmb:2867 smb:98 d:s ref:0 ;
in:66 out:66 type:B dur:2 cpbdur:2 q:28.03 aq:29.61 tex:229924 mv:21716 misc:2632 imb:88 pmb:2480 smb:1032 d:s ref:0 ;
in:65 out:67 type:b dur:2 cpbdur:2 q:28.03 aq:31.35 tex:112205 mv:16009 misc:3146 imb:44 pmb:1803 smb:1753 d:s ref:0 ;
in:67 out:68 type:b dur:2 cpbdur:2 q:28.03 aq:31.07 tex:123176 mv:15088 misc:3176 imb:39 pmb:1884 smb:1677 d:- ref:0 ;
in:72 out:69 type:P dur:2 cpbdur:2 q:28.03 aq:25.61 tex:955474 mv:20576 misc:862 imb:582 pmb:2891 smb:127 d:s ref:0 ;
in:70 out:70 type:B dur:2 cpbdur:2 q:28.03 aq:29.17 tex:249947 mv:22655 misc:2542 imb:97 pmb:2629 smb:874 d:s ref:0 ;
in:69 out:71 type:b dur:2 cpbdur:2 q:28.03 aq:31.16 tex:119410 mv:13429 misc:3249 imb:31 pmb:1832 smb:1737 d:s ref:0 ;
in:71 out:72 type:b dur:2 cpbdur:2 q:28.03 aq:31.38 tex:98419 mv:14473 misc:3180 imb:30 pmb:1654 smb:1916 d:- ref:0 ;
in:77 out:73 type:P dur:2 cpbdur:2 q:28.03 aq:25.66 tex:1001038 mv:20607 misc:539 imb:793 pmb:2766 smb:41 d:s ref:0 ;
in:74 out:74 type:B dur:2 cpbdur:2 q:28.03 aq:28.71 tex:336800 mv:21677 misc:2099 imb:118 pmb:2909 smb:573 d:s ref:0 ;
in:73 out:75 type:b dur:2 cpbdur:2 q:28.03 aq:31.02 tex:116093 mv:14900 misc:3271 imb:44 pmb:1882 smb:1674 d:s ref:0 ;
in:75 out:76 type:b dur:2 cpbdur:2 q:28.03 aq:31.26 tex:127206 mv:15902 misc:3308 imb:53 pmb:1973 smb:1574 d:- ref:0 ;
in:76 out:77 type:b dur:2 cpbdur:2 q:28.03 aq:31.30 tex:123500 mv:13855 misc:3125 imb:39 pmb:1770 smb:1791 d:- ref:0 ;
in:81 out:78 type:P dur:2 cpbdur:2 q:28.03 aq:25.91 tex:805016 mv:20178 misc:678 imb:757 pmb:2774 smb:69 d:s ref:0 ;
in:79 out:79 type:B dur:2 cpbdur:2 q:28.03 aq:29.35 tex:226993 mv:20517 misc:2842 imb:100 pmb:2571 smb:929 d:s ref:0 ;
in:78 out:80 type:b dur:2 cpbdur:2 q:28.03 aq:31.12 tex:107160 mv:13778 misc:3286 imb:29 pmb:1712 smb:1859 d:s ref:0 ;
in:80 out:81 type:b dur:2 cpbdur:2 q:28.03 aq:31.20 tex:88457 mv:13973 misc:3242 imb:26 pmb:1507 smb:2067 d:- ref:0 ;
in:86 out:82 type:P dur:2 cpbdur:2 q:28.03 aq:26.07 tex:886735 mv:24457 misc:552 imb:863 pmb:2698 smb:39 d:s ref:0 ;
in:83 out:83 type:B dur:2 cpbdur:2 q:28.03 aq:28.36 tex:286463 mv:23372 misc:2357 imb:224 pmb:2689 smb:687 d:s ref:0 ;
in:82 out:84 type:b dur:2 cpbdur:2 q:28.03 aq:31.17 tex:125859 mv:15131 misc:3122 imb:50 pmb:1939 smb:1611 d:s ref:0 ;
in:84 out:85 type:b dur:2 cpbdur:2 q:28.03 aq:31.14 tex:146772 mv:17457 misc:2971 imb:103 pmb:2025 smb:1472 d:- ref:0 ;
in:85 out:86 type:b dur:2 cpbdur:2 q:28.03 aq:31.14 tex:141153 mv:18602 misc:3037 imb:123 pmb:1957 smb:1520 d:- ref:0 ;
in:90 out:87 type:P dur:2 cpbdur:2 q:28.03 aq:25.97 tex:847884 mv:25121 misc:579 imb:941 pmb:2607 smb:52 d:s ref:0 ;
in:88 out:88 type:B dur:2 cpbdur:2 q:28.03 aq:28.66 tex:322090 mv:24689 misc:2157 imb:250 pmb:2752 smb:598 d:s ref:0 ;
in:87 out:89 type:b dur:2 cpbdur:2 q:28.03 aq:30.98 tex:156747 mv:15551 misc:3086 imb:105 pmb:1940 smb:1555 d:s ref:0 ;
in:89 out:90 type:b dur:2 cpbdur:2 q:28.03 aq:30.70 tex:136179 mv:18280 misc:3141 imb:135 pmb:1860 smb:1605 d:- ref:0 ;
in:95 out:91 type:P dur:2 cpbdur:2 q:28.03 aq:26.42 tex:787243 mv:27154 misc:683 imb:1083 pmb:2436 smb:81 d:s ref:0 ;
in:92 out:92 type:B dur:2 cpbdur:2 q:28.03 aq:28.04 tex:323913 mv:28844 misc:2139 imb:350 pmb:2597 smb:653 d:s ref:0 ;
in:91 out:93 type:b dur:2 cpbdur:2 q:28.03 aq:30.60 tex:107228 mv:17817 misc:3067 imb:136 pmb:1659 smb:1805 d:s ref:0 ;
in:93 out:94 type:b dur:2 cpbdur:2 q:28.03 aq:30.39 tex:140478 mv:20592 misc:2962 imb:154 pmb:1926 smb:1520 d:- ref:0 ;
in:94 out:95 type:b dur:2 cpbdur:2 q:28.03 aq:30.65 tex:148442 mv:23193 misc:2997 imb:136 pmb:2091 smb:1373 d:- ref:0 ;
in:99 out:96 type:P dur:2 cpbdur:2 q:28.03 aq:27.28 tex:640245 mv:25206 misc:973 imb:1118 pmb:2291 smb:191 d:s ref:0 w:5,33,0 ;
in:97 out:97 type:B dur:2 cpbdur:2 q:28.03 aq:28.77 tex:318489 mv:28745 misc:2022 imb:231 pmb:2767 smb:602 d:s ref:0 ;
in:96 out:98 type:b dur:2 cpbdur:2 q:28.03 aq:30.49 tex:145545 mv:21536 misc:2951 imb:120 pmb:2046 smb:1434 d:s ref:0 ;
in:98 out:99 type:b dur:2 cpbdur:2 q:28.03 aq:30.48 tex:164909 mv:21305 misc:2882 imb:95 pmb:2164 smb:1341 d:- ref:0 ;
in:104 out:100 type:P dur:2 cpbdur:2 q:28.03 aq:27.02 tex:779401 mv:31722 misc:701 imb:2539 pmb:942 smb:119 d:s ref:0 ;
in:101 out:101 type:B dur:2 cpbdur:2 q:28.03 aq:27.91 tex:451076 mv:30399 misc:1621 imb:301 pmb:2920 smb:379 d:s ref:0 ;
in:100 out:102 type:b dur:2 cpbdur:2 q:28.03 aq:30.44 tex:144529 mv:21658 misc:2949 imb:91 pmb:2181 smb:1328 d:s ref:0 ;
in:102 out:103 type:b dur:2 cpbdur:2 q:28.03 aq:30.36 tex:249485 mv:23527 misc:2396 imb:144 pmb:2547 smb:909 d:- ref:0 ;
in:103 out:104 type:b dur:2 cpbdur:2 q:28.03 aq:29.58 tex:186942 mv:25742 misc:2508 imb:217 pmb:2389 smb:994 d:- ref:0 ;
in:105 out:105 type:P dur:2 cpbdur:2 q:28.03 aq:26.71 tex:384216 mv:25920 misc:1184 imb:587 pmb:2788 smb:225 d:s ref:0 ;
in:107 out:106 type:P dur:2 cpbdur:2 q:28.03 aq:27.04 tex:550425 mv:31146 misc:925 imb:844 pmb:2627 smb:129 d:s ref:0 ;
in:106 out:107 type:b dur:2 cpbdur:2 q:28.03 aq:29.36 tex:223214 mv:32597 misc:2213 imb:176 pmb:2787 smb:637 d:s ref:0 ;
in:108 out:108 type:P dur:2 cpbdur:2 q:28.03 aq:27.02 tex:594776 mv:27530 misc:1278 imb:453 pmb:2863 smb:284 d:s ref:0 w:7,127,1,7,126,2,121,7 ;
in:110 out:109 type:P dur:2 cpbdur:2 q:28.03 aq:26.73 tex:796714 mv:32131 misc:467 imb:831 pmb:2753 smb:16 d:s ref:0 ;
in:109 out:110 type:b dur:2 cpbdur:2 q:28.03 aq:29.66 tex:292509 mv:31680 misc:2003 imb:183 pmb:2842 smb:575 d:s ref:0 ;
in:112 out:111 type:P dur:2 cpbdur:2 q:28.03 aq:26.60 tex:784394 mv:29295 misc:663 imb:700 pmb:2825 smb:75 d:s ref:0 ;
in:111 out:112 type:b dur:2 cpbdur:2 q:28.03 aq:30.45 tex:285046 mv:30427 misc:2183 imb:114 pmb:2807 smb:679 d:s ref:0 ;
in:115 out:113 type:P dur:2 cpbdur:2 q:28.03 aq:26.46 tex:914516 mv:30392 misc:428 imb:843 pmb:2733 smb:24 d:s ref:0 ;
in:113 out:114 type:B dur:2 cpbdur:2 q:28.03 aq:29.62 tex:282232 mv:30253 misc:2339 imb:145 pmb:2707 smb:748 d:s ref:0 ;
in:114 out:115 type:b dur:2 cpbdur:2 q:28.03 aq:30.67 tex:219378 mv:25627 misc:2731 imb:100 pmb:2552 smb:948 d:- ref:0 ;
in:117 out:116 type:P dur:2 cpbdur:2 q:28.03 aq:26.72 tex:750918 mv:23995 misc:1055 imb:469 pmb:2918 smb:213 d:s ref:0 ;
in:116 out:117 type:b dur:2 cpbdur:2 q:28.03 aq:30.85 tex:188508 mv:22026 misc:2898 imb:67 pmb:2435 smb:1098 d:s ref:0 ;
in:120 out:118 type:P dur:2 cpbdur:2 q:28.03 aq:26.42 tex:903214 mv:27024 misc:618 imb:709 pmb:2837 smb:54 d:s ref:0 ;
in:118 out:119 type:B dur:2 cpbdur:2 q:28.03 aq:29.58 tex:272371 mv:25103 misc:2398 imb:115 pmb:2663 smb:822 d:s ref:0 ;
in:119 out:120 type:b dur:2 cpbdur:2 q:28.03 aq:30.57 tex:189579 mv:22051 misc:2938 imb:86 pmb:2492 smb:1022 d:- ref:0 ;
in:123 out:121 type:P dur:2 cpbdur:2 q:28.03 aq:26.63 tex:818807 mv:24329 misc:928 imb:662 pmb:2766 smb:172 d:s ref:0 w:7,127,0 ;
in:121 out:122 type:B dur:2 cpbdur:2 q:28.03 aq:29.92 tex:280569 mv:26785 misc:2414 imb:119 pmb:2619 smb:862 d:s ref:0 ;
in:122 out:123 type:b dur:2 cpbdur:2 q:28.03 aq:30.71 tex:191049 mv:23871 misc:2832 imb:83 pmb:2466 smb:1051 d:- ref:0 ;
in:128 out:124 type:P dur:2 cpbdur:2 q:28.03 aq:26.29 tex:918648 mv:30024 misc:472 imb:1099 pmb:2479 smb:22 d:s ref:0 ;
in:125 out:125 type:B dur:2 cpbdur:2 q:28.03 aq:28.11 tex:478253 mv:36240 misc:1539 imb:343 pmb:2945 smb:312 d:s ref:0 ;
in:124 out:126 type:b dur:2 cpbdur:2 q:28.03 aq:30.16 tex:165771 mv:22751 misc:3022 imb:115 pmb:2404 smb:1081 d:s ref:0 ;
in:126 out:127 type:b dur:2 cpbdur:2 q:28.03 aq:30.04 tex:431058 mv:27205 misc:1977 imb:170 pmb:2858 smb:572 d:- ref:0 ;
in:127 out:128 type:b dur:2 cpbdur:2 q:28.03 aq:30.30 tex:300176 mv:28830 misc:2290 imb:187 pmb:2722 smb:691 d:- ref:0 ;
in:131 out:129 type:P dur:2 cpbdur:2 q:28.03 aq:26.37 tex:804114 mv:27317 misc:849 imb:727 pmb:2741 smb:132 d:s ref:0 ;
in:129 out:130 type:B dur:2 cpbdur:2 q:28.03 aq:29.93 tex:217385 mv:25154 misc:2733 imb:107 pmb:2444 smb:1049 d:s ref:0 ;
in:130 out:131 type:b dur:2 cpbdur:2 q:28.03 aq:30.19 tex:194143 mv:24406 misc:2763 imb:68 pmb:2615 smb:917 d:- ref:0 ;
in:135 out:132 type:P dur:2 cpbdur:2 q:28.03 aq:26.66 tex:947629 mv:27601 misc:666 imb:895 pmb:2666 smb:39 d:s ref:0 w:7,125,1,7,123,4,116,12 ;
in:133 out:133 type:B dur:2 cpbdur:2 q:28.03 aq:28.61 tex:356984 mv:30653 misc:2083 imb:206 pmb:2885 smb:509 d:s ref:0 ;
in:132 out:134 type:b dur:2 cpbdur:2 q:28.03 aq:30.31 tex:196935 mv:24397 misc:2828 imb:70 pmb:2498 smb:1032 d:s ref:0 ;
in:134 out:135 type:b dur:2 cpbdur:2 q:28.03 aq:30.72 tex:157771 mv:20106 misc:3035 imb:60 pmb:2132 smb:1408 d:- ref:0 ;
in:139 out:136 type:P dur:2 cpbdur:2 q:28.03 aq:26.56 tex:812146 mv:27512 misc:694 imb:1014 pmb:2514 smb:72 d:s ref:0 ;
in:137 out:137 type:B dur:2 cpbdur:2 q:28.03 aq:28.71 tex:375610 mv:29628 misc:2082 imb:206 pmb:2861 smb:533 d:s ref:0 ;
in:136 out:138 type:b dur:2 cpbdur:2 q:28.03 aq:30.91 tex:142377 mv:20360 misc:2935 imb:95 pmb:1946 smb:1559 d:s ref:0 ;
in:138 out:139 type:b dur:2 cpbdur:2 q:28.03 aq:30.54 tex:165700 mv:21860 misc:2872 imb:91 pmb:2247 smb:1262 d:- ref:0 ;
in:142 out:140 type:P dur:2 cpbdur:2 q:28.03 aq:26.26 tex:802489 mv:28232 misc:495 imb:1083 pmb:2501 smb:16 d:s ref:0 ;
in:140 out:141 type:B dur:2 cpbdur:2 q:28.03 aq:29.32 tex:210403 mv:24125 misc:2640 imb:165 pmb:2478 smb:957 d:s ref:0 ;
in:141 out:142 type:b dur:2 cpbdur:2 q:28.03 aq:30.05 tex:160714 mv:21821 misc:2953 imb:126 pmb:2279 smb:1195 d:- ref:0 ;
in:146 out:143 type:P dur:2 cpbdur:2 q:28.03 aq:26.03 tex:754364 mv:30649 misc:555 imb:1195 pmb:2369 smb:36 d:s ref:0 ;
in:144 out:144 type:B dur:2 cpbdur:2 q:28.03 aq:28.37 tex:292855 mv:33328 misc:1993 imb:354 pmb:2721 smb:525 d:s ref:0 ;
in:143 out:145 type:b dur:2 cpbdur:2 q:28.03 aq:30.43 tex:174772 mv:21900 misc:2864 imb:128 pmb:2224 smb:1248 d:s ref:0 ;
in:145 out:146 type:b dur:2 cpbdur:2 q:28.03 aq:29.95 tex:169968 mv:25103 misc:2873 imb:106 pmb:2496 smb:998 d:- ref:0 ;
in:150 out:147 type:P dur:2 cpbdur:2 q:28.03 aq:25.61 tex:883434 mv:31302 misc:720 imb:1186 pmb:2357 smb:57 d:s ref:0 w:6,63,1,5,31,4,32,0 ;
in:148 out:148 type:B dur:2 cpbdur:2 q:28.03 aq:28.11 tex:301563 mv:32219 misc:2210 imb:242 pmb:2763 smb:595 d:s ref:0 ;
in:147 out:149 type:b dur:2 cpbdur:2 q:28.03 aq:29.96 tex:154529 mv:24574 misc:3089 imb:105 pmb:2315 smb:1180 d:s ref:0 ;
in:149 out:150 type:b dur:2 cpbdur:2 q:28.03 aq:30.05 tex:138472 mv:22457 misc:3143 imb:82 pmb:2183 smb:1335 d:- ref:0 ;
in:154 out:151 type:P dur:2 cpbdur:2 q:28.03 aq:25.41 tex:776673 mv:30378 misc:437 imb:1000 pmb:2585 smb:15 d:s ref:0 ;
in:152 out:152 type:B dur:2 cpbdur:2 q:28.03 aq:27.90 tex:260835 mv:29799 misc:2486 imb:142 pmb:2725 smb:733 d:s ref:0 ;
in:151 out:153 type:b dur:2 cpbdur:2 q:28.03 aq:30.73 tex:109490 mv:19626 misc:3156 imb:36 pmb:1976 smb:1588 d:s ref:0 ;
in:153 out:154 type:b dur:2 cpbdur:2 q:28.03 aq:30.43 tex:97364 mv:18695 misc:3205 imb:57 pmb:1841 smb:1702 d:- ref:0 ;
in:158 out:155 type:P dur:2 cpbdur:2 q:28.03 aq:25.69 tex:739488 mv:29790 misc:666 imb:943 pmb:2595 smb:62 d:s ref:0 ;
in:156 out:156 type:B dur:2 cpbdur:2 q:28.03 aq:28.89 tex:210720 mv:27541 misc:2659 imb:118 pmb:2414 smb:1068 d:s ref:0 ;
in:155 out:157 type:b dur:2 cpbdur:2 q:28.03 aq:31.04 tex:85910 mv:17961 misc:3065 imb:45 pmb:1653 smb:1902 d:s ref:0 ;
in:157 out:158 type:b dur:2 cpbdur:2 q:28.03 aq:30.40 tex:96482 mv:20940 misc:3234 imb:61 pmb:2099 smb:1440 d:- ref:0 ;
in:162 out:159 type:P dur:2 cpbdur:2 q:28.03 aq:25.94 tex:823453 mv:28523 misc:824 imb:980 pmb:2491 smb:129 d:s ref:0 ;
in:160 out:160 type:B dur:2 cpbdur:2 q:28.03 aq:28.28 tex:255099 mv:29726 misc:2343 imb:165 pmb:2771 smb:664 d:s ref:0 ;
in:159 out:161 type:b dur:2 cpbdur:2 q:28.03 aq:30.59 tex:100600 mv:18223 misc:3065 imb:49 pmb:1794 smb:1757 d:s ref:0 ;
in:161 out:162 type:b dur:2 cpbdur:2 q:28.03 aq:30.66 tex:113998 mv:19027 misc:3175 imb:36 pmb:1934 smb:1630 d:- ref:0 ;
in:165 out:163 type:P dur:2 cpbdur:2 q:28.03 aq:25.65 tex:830554 mv:28659 misc:555 imb:875 pmb:2675 smb:50 d:s ref:0 w:6,63,5 ;
in:163 out:164 type:B dur:2 cpbdur:2 q:28.03 aq:28.69 tex:219958 mv:23056 misc:2706 imb:121 pmb:2712 smb:767 d:s ref:0 ;
in:164 out:165 type:b dur:2 cpbdur:2 q:28.03 aq:29.85 tex:131780 mv:20122 misc:3210 imb:76 pmb:2115 smb:1409 d:- ref:0 ;
in:170 out:166 type:P dur:2 cpbdur:2 q:28.03 aq:25.48 tex:849343 mv:28967 misc:618 imb:1046 pmb:2499 smb:55 d:s ref:0 ;
in:167 out:167 type:B dur:2 cpbdur:2 q:28.03 aq:28.10 tex:291528 mv:32526 misc:2154 imb:270 pmb:2733 smb:597 d:s ref:0 ;
in:166 out:168 type:b dur:2 cpbdur:2 q:28.03 aq:30.36 tex:125952 mv:19631 misc:2993 imb:94 pmb:1947 smb:1559 d:s ref:0 ;
in:168 out:169 type:b dur:2 cpbdur:2 q:28.03 aq:30.44 tex:119169 mv:23282 misc:3133 imb:144 pmb:2013 smb:1443 d:- ref:0 ;
in:169 out:170 type:b dur:2 cpbdur:2 q:28.03 aq:30.59 tex:105065 mv:21501 misc:3122 imb:89 pmb:1909 smb:1602 d:- ref:0 ;
in:174 out:171 type:P dur:2 cpbdur:2 q:28.03 aq:25.64 tex:723697 mv:27589 misc:1034 imb:800 pmb:2606 smb:194 d:s ref:0 w:6,65,0 ;
in:172 out:172 type:B dur:2 cpbdur:2 q:28.03 aq:28.66 tex:188700 mv:28985 misc:2659 imb:141 pmb:2646 smb:813 d:s ref:0 ;
in:171 out:173 type:b dur:2 cpbdur:2 q:28.03 aq:30.81 tex:90416 mv:19181 misc:3243 imb:39 pmb:1931 smb:1630 d:s ref:0 ;
in:173 out:174 type:b dur:2 cpbdur:2 q:28.03 aq:30.53 tex:98044 mv:19441 misc:3099 imb:48 pmb:1797 smb:1755 d:- ref:0 ;
in:177 out:175 type:P dur:2 cpbdur:2 q:28.03 aq:25.61 tex:701915 mv:25778 misc:1043 imb:653 pmb:2740 smb:207 d:s ref:0 ;
in:175 out:176 type:B dur:2 cpbdur:2 q:28.03 aq:29.17 tex:188654 mv:25062 misc:2756 imb:134 pmb:2528 smb:938 d:s ref:0 ;
in:176 out:177 type:b dur:2 cpbdur:2 q:28.03 aq:30.55 tex:100548 mv:19615 misc:3125 imb:61 pmb:1898 smb:1641 d:- ref:0 ;
in:180 out:178 type:P dur:2 cpbdur:2 q:28.03 aq:25.21 tex:781853 mv:26555 misc:752 imb:777 pmb:2729 smb:94 d:s ref:0 ;
in:178 out:179 type:B dur:2 cpbdur:2 q:28.03 aq:28.84 tex:142967 mv:22370 misc:3103 imb:109 pmb:2217 smb:1274 d:s ref:0 ;
in:179 out:180 type:b dur:2 cpbdur:2 q:28.03 aq:29.98 tex:81813 mv:17809 misc:3010 imb:59 pmb:1550 smb:1991 d:- ref:0 ;
in:185 out:181 type:P dur:2 cpbdur:2 q:28.03 aq:25.35 tex:829509 mv:25416 misc:963 imb:742 pmb:2692 smb:166 d:s ref:0 ;
in:182 out:182 type:B dur:2 cpbdur:2 q:28.03 aq:28.33 tex:270468 mv:27251 misc:2273 imb:201 pmb:2696 smb:703 d:s ref:0 ;
in:181 out:183 type:b dur:2 cpbdur:2 q:28.03 aq:31.15 tex:86852 mv:18540 misc:3104 imb:81 pmb:1650 smb:1869 d:s ref:0 ;
in:183 out:184 type:b dur:2 cpbdur:2 q:28.03 aq:31.16 tex:101920 mv:19606 misc:3034 imb:54 pmb:1899 smb:1647 d:- ref:0 ;
in:184 out:185 type:b dur:2 cpbdur:2 q:28.03 aq:31.28 tex:92586 mv:18312 misc:3038 imb:58 pmb:1744 smb:1798 d:- ref:0 ;
in:189 out:186 type:P dur:2 cpbdur:2 q:28.03 aq:25.25 tex:935967 mv:25100 misc:885 imb:515 pmb:2925 smb:160 d:s ref:0 ;
in:187 out:187 type:B dur:2 cpbdur:2 q:28.03 aq:28.75 tex:226948 mv:23417 misc:2683 imb:82 pmb:2679 smb:839 d:s ref:0 ;
in:186 out:188 type:b dur:2 cpbdur:2 q:28.03 aq:31.03 tex:70521 mv:14767 misc:3112 imb:29 pmb:1440 smb:2131 d:s ref:0 ;
in:188 out:189 type:b dur:2 cpbdur:2 q:28.03 aq:31.17 tex:84308 mv:13057 misc:3251 imb:9 pmb:1674 smb:1917 d:- ref:0 ;
in:193 out:190 type:P dur:2 cpbdur:2 q:28.03 aq:25.24 tex:971335 mv:24718 misc:451 imb:579 pmb:3002 smb:19 d:s ref:0 ;
in:191 out:191 type:B dur:2 cpbdur:2 q:28.03 aq:28.33 tex:266128 mv:21244 misc:2452 imb:59 pmb:2851 smb:690 d:s ref:0 ;
in:190 out:192 type:b dur:2 cpbdur:2 q:28.03 aq:30.61 tex:96341 mv:13408 misc:3483 imb:12 pmb:1902 smb:1686 d:s ref:0 ;
in:192 out:193 type:b dur:2 cpbdur:2 q:28.03 aq:31.10 tex:92109 mv:11599 misc:3404 imb:21 pmb:1696 smb:1883 d:- ref:0 ;
in:197 out:194 type:P dur:2 cpbdur:2 q:28.03 aq:25.24 tex:934586 mv:23965 misc:777 imb:608 pmb:2910 smb:82 d:s ref:0 ;
in:195 out:195 type:B dur:2 cpbdur:2 q:28.03 aq:29.31 tex:217326 mv:18624 misc:2946 imb:60 pmb:2437 smb:1103 d:s ref:0 ;
in:194 out:196 type:b dur:2 cpbdur:2 q:28.03 aq:31.30 tex:114534 mv:13069 misc:3245 imb:12 pmb:1860 smb:1728 d:s ref:0 ;
in:196 out:197 type:b dur:2 cpbdur:2 q:28.03 aq:31.10 tex:83850 mv:12941 misc:3345 imb:14 pmb:1567 smb:2019 d:- ref:0 ;
in:203 out:198 type:P dur:2 cpbdur:2 q:28.03 aq:25.43 tex:1045797 mv:25067 misc:624 imb:665 pmb:2874 smb:61 d:s ref:0 ;
in:200 out:199 type:B dur:2 cpbdur:2 q:28.03 aq:27.82 tex:396291 mv:25454 misc:2039 imb:105 pmb:2969 smb:526 d:s ref:0 ;
in:198 out:200 type:b dur:2 cpbdur:2 q:28.03 aq:31.45 tex:113417 mv:15187 misc:3084 imb:41 pmb:1641 smb:1918 d:s ref:0 ;
in:199 out:201 type:b dur:2 cpbdur:2 q:28.03 aq:31.50 tex:128795 mv:17097 misc:3220 imb:48 pmb:1921 smb:1631 d:s ref:0 ;
in:201 out:202 type:b dur:2 cpbdur:2 q:28.03 aq:31.63 tex:130516 mv:15579 misc:3137 imb:26 pmb:1908 smb:1666 d:- ref:0 ;
in:202 out:203 type:b dur:2 cpbdur:2 q:28.03 aq:31.72 tex:130179 mv:16238 misc:3167 imb:32 pmb:1913 smb:1655 d:- ref:0 ;
in:207 out:204 type:P dur:2 cpbdur:2 q:28.03 aq:25.74 tex:878591 mv:21509 misc:1020 imb:399 pmb:3013 smb:188 d:s ref:0 ;
in:205 out:205 type:B dur:2 cpbdur:2 q:28.03 aq:29.46 tex:223296 mv:18260 misc:2900 imb:53 pmb:2454 smb:1093 d:s ref:0 ;
in:204 out:206 type:b dur:2 cpbdur:2 q:28.03 aq:30.77 tex:85314 mv:12147 misc:3131 imb:19 pmb:1481 smb:2100 d:s ref:0 ;
in:206 out:207 type:b dur:2 cpbdur:2 q:28.03 aq:31.85 tex:84838 mv:10617 misc:3225 imb:15 pmb:1496 smb:2089 d:- ref:0 ;
in:212 out:208 type:P dur:2 cpbdur:2 q:28.03 aq:25.78 tex:963224 mv:25190 misc:602 imb:614 pmb:2940 smb:46 d:s ref:0 w:0,1,1,0,1,1,1,0 ;
in:209 out:209 type:B dur:2 cpbdur:2 q:28.03 aq:28.31 tex:305450 mv:24949 misc:2313 imb:90 pmb:2886 smb:624 d:s ref:0 ;
in:208 out:210 type:b dur:2 cpbdur:2 q:28.03 aq:31.22 tex:87451 mv:12204 misc:3345 imb:17 pmb:1614 smb:1969 d:s ref:0 ;
in:210 out:211 type:b dur:2 cpbdur:2 q:28.03 aq:30.73 tex:117596 mv:17709 misc:3303 imb:39 pmb:2064 smb:1497 d:- ref:0 ;
in:211 out:212 type:b dur:2 cpbdur:2 q:28.03 aq:31.41 tex:130280 mv:15957 misc:3187 imb:15 pmb:2084 smb:1501 d:- ref:0 ;
in:216 out:213 type:P dur:2 cpbdur:2 q:28.03 aq:26.27 tex:814056 mv:22187 misc:909 imb:473 pmb:2971 smb:156 d:s ref:0 ;
in:214 out:214 type:B dur:2 cpbdur:2 q:28.03 aq:29.31 tex:235562 mv:19841 misc:2837 imb:36 pmb:2539 smb:1025 d:s ref:0 ;
in:213 out:215 type:b dur:2 cpbdur:2 q:28.03 aq:30.98 tex:83665 mv:11919 misc:3064 imb:8 pmb:1564 smb:2028 d:s ref:0 ;
in:215 out:216 type:b dur:2 cpbdur:2 q:28.03 aq:31.64 tex:82677 mv:11076 misc:3143 imb:5 pmb:1470 smb:2125 d:- ref:0 ;
in:220 out:217 type:P dur:2 cpbdur:2 q:28.03 aq:26.04 tex:836905 mv:24731 misc:564 imb:629 pmb:2944 smb:27 d:s ref:0 w:7,127,3,0,1,1,1,0 ;
in:218 out:218 type:B dur:2 cpbdur:2 q:28.03 aq:28.46 tex:298902 mv:22557 misc:2205 imb:102 pmb:2957 smb:541 d:s ref:0 ;
in:217 out:219 type:b dur:2 cpbdur:2 q:28.03 aq:31.02 tex:105056 mv:13742 misc:3394 imb:18 pmb:1825 smb:1757 d:s ref:0 ;
in:219 out:220 type:b dur:2 cpbdur:2 q:28.03 aq:30.70 tex:99520 mv:13142 misc:3506 imb:25 pmb:1976 smb:1599 d:- ref:0 ;
in:224 out:221 type:P dur:2 cpbdur:2 q:28.03 aq:26.43 tex:856794 mv:27197 misc:809 imb:593 pmb:2896 smb:111 d:s ref:0 ;
in:222 out:222 type:B dur:2 cpbdur:2 q:28.03 aq:29.07 tex:267919 mv:25607 misc:2618 imb:68 pmb:2772 smb:760 d:s ref:0 ;
in:221 out:223 type:b dur:2 cpbdur:2 q:28.03 aq:31.06 tex:109405 mv:15268 misc:3327 imb:18 pmb:1940 smb:1642 d:s ref:0 ;
in:223 out:224 type:b dur:2 cpbdur:2 q:28.03 aq:30.70 tex:121985 mv:17153 misc:3374 imb:38 pmb:2132 smb:1430 d:- ref:0 ;
in:228 out:225 type:P dur:2 cpbdur:2 q:28.03 aq:26.47 tex:882658 mv:27805 misc:857 imb:658 pmb:2839 smb:103 d:s ref:0 w:7,127,2 ;
in:226 out:226 type:B dur:2 cpbdur:2 q:28.03 aq:28.63 tex:310773 mv:28101 misc:2254 imb:81 pmb:2913 smb:606 d:s ref:0 ;
in:225 out:227 type:b dur:2 cpbdur:2 q:28.03 aq:30.40 tex:125577 mv:17464 misc:3431 imb:38 pmb:2159 smb:1403 d:s ref:0 ;
in:227 out:228 type:b dur:2 cpbdur:2 q:28.03 aq:30.65 tex:106974 mv:15120 misc:3346 imb:32 pmb:1924 smb:1644 d:- ref:0 ;
in:232 out:229 type:P dur:2 cpbdur:2 q:28.03 aq:26.67 tex:851294 mv:29367 misc:619 imb:712 pmb:2849 smb:39 d:s ref:0 w:7,125,2,6,63,2,64,0 ;
in:230 out:230 type:B dur:2 cpbdur:2 q:28.03 aq:28.20 tex:337278 mv:29466 misc:1736 imb:162 pmb:3097 smb:341 d:s ref:0 ;
in:229 out:231 type:b dur:2 cpbdur:2 q:28.03 aq:30.43 tex:116579 mv:16706 misc:3267 imb:39 pmb:2166 smb:1395 d:s ref:0 ;
in:231 out:232 type:b dur:2 cpbdur:2 q:28.03 aq:30.43 tex:124772 mv:17164 misc:3312 imb:41 pmb:2304 smb:1255 d:- ref:0 ;
in:235 out:233 type:P dur:2 cpbdur:2 q:28.03 aq:27.28 tex:685907 mv:26642 misc:963 imb:609 pmb:2865 smb:126 d:s ref:0 w:7,125,3,6,63,3,64,0 ;
in:233 out:234 type:B dur:2 cpbdur:2 q:28.03 aq:29.45 tex:195171 mv:20324 misc:2937 imb:47 pmb:2489 smb:1064 d:s ref:0 ;
in:234 out:235 type:b dur:2 cpbdur:2 q:28.03 aq:30.05 tex:147645 mv:19172 misc:3087 imb:90 pmb:2350 smb:1160 d:- ref:0 ;
in:239 out:236 type:P dur:2 cpbdur:2 q:28.03 aq:29.02 tex:687253 mv:31353 misc:514 imb:2092 pmb:1500 smb:8 d:s ref:0 w:6,65,5,6,63,3,64,0 ;
in:237 out:237 type:B dur:2 cpbdur:2 q:28.03 aq:28.20 tex:447438 mv:30489 misc:1505 imb:217 pmb:3078 smb:305 d:s ref:0 ;
in:236 out:238 type:b dur:2 cpbdur:2 q:28.03 aq:30.19 tex:115072 mv:20146 misc:3318 imb:50 pmb:2017 smb:1533 d:s ref:0 ;
in:238 out:239 type:b dur:2 cpbdur:2 q:28.03 aq:29.83 tex:239682 mv:23209 misc:2173 imb:106 pmb:2876 smb:618 d:- ref:0 ;
